[debug] [2026-06-22T02:10:12.616Z] ----------------------------------------------------------------------
[debug] [2026-06-22T02:10:12.619Z] Command:       I:\node\node.exe C:\Users\User\AppData\Roaming\npm\node_modules\firebase-tools\lib\bin\firebase.js init
[debug] [2026-06-22T02:10:12.619Z] CLI Version:   15.16.0
[debug] [2026-06-22T02:10:12.619Z] Platform:      win32
[debug] [2026-06-22T02:10:12.619Z] Node Version:  v22.12.0
[debug] [2026-06-22T02:10:12.619Z] Time:          Mon Jun 22 2026 05:10:12 GMT+0300 (Eastern European Summer Time)
[debug] [2026-06-22T02:10:12.620Z] ----------------------------------------------------------------------
[debug] 
[info] 
     ######## #### ########  ######## ########     ###     ######  ########
     ##        ##  ##     ## ##       ##     ##  ##   ##  ##       ##
     ######    ##  ########  ######   ########  #########  ######  ######
     ##        ##  ##    ##  ##       ##     ## ##     ##       ## ##
     ##       #### ##     ## ######## ########  ##     ##  ######  ########

You're about to initialize a Firebase project in this directory:

  G:\Downloads\Design-Asset-Manager\Design-Asset-Manager

[debug] [2026-06-22T02:24:09.132Z] ExitPromptError: User force closed the prompt with SIGINT
    at Interface.sigint (C:\Users\User\AppData\Roaming\npm\node_modules\firebase-tools\node_modules\@inquirer\core\dist\commonjs\lib\create-prompt.js:101:37)
    at Interface.emit (node:events:524:28)
    at [_ttyWrite] [as _ttyWrite] (node:internal/readline/interface:1124:18)
    at ReadStream.onkeypress (node:internal/readline/interface:263:20)
    at ReadStream.emit (node:events:536:35)
    at emitKeys (node:internal/readline/utils:370:14)
    at emitKeys.next (<anonymous>)
    at ReadStream.onData (node:internal/readline/emitKeypressEvents:64:36)
    at ReadStream.emit (node:events:524:28)
    at addChunk (node:internal/streams/readable:561:12)
[error] 
[error] Error: An unexpected error has occurred.
